<?xml version="1.0" encoding="UTF-8"?>
<!-- Generated by org.testng.reporters.JUnitXMLReporter -->
<testsuite ignored="0" hostname="DESKTOP-M5HP58L" failures="0" tests="5" name="chrome" time="1.666" errors="0" timestamp="2024-02-06T18:03:06 IST">
  <testcase classname="com.selenium.testbase.BaseClass" name="@BeforeTest setup" time="0.581">
    <failure type="java.lang.NullPointerException" message="Cannot invoke &amp;quot;org.openqa.selenium.WebDriver.manage()&amp;quot; because &amp;quot;com.selenium.testbase.BaseClass.driver&amp;quot; is null">
      <![CDATA[java.lang.NullPointerException: Cannot invoke "org.openqa.selenium.WebDriver.manage()" because "com.selenium.testbase.BaseClass.driver" is null
at com.selenium.testbase.BaseClass.setup(BaseClass.java:54)
... Removed 24 stack frames]]>
    </failure>
  </testcase> <!-- @BeforeTest setup -->
  <testcase classname="com.selenium.testbase.BaseClass" name="@AfterTest tearDown" time="0.0">
    <skipped/>
  </testcase> <!-- @AfterTest tearDown -->
  <testcase classname="com.selenium.testcases.TC_002_LoginDTTTest" name="login_DTT" time="0.0">
    <skipped/>
  </testcase> <!-- login_DTT -->
  <testcase classname="com.selenium.testcases.TC_002_LoginDTTTest" name="login_DTT" time="0.0">
    <skipped/>
  </testcase> <!-- login_DTT -->
  <testcase classname="com.selenium.testcases.TC_002_LoginDTTTest" name="login_DTT" time="0.0">
    <skipped/>
  </testcase> <!-- login_DTT -->
  <testcase classname="com.selenium.testcases.TC_002_LoginDTTTest" name="login_DTT" time="0.0">
    <skipped/>
  </testcase> <!-- login_DTT -->
  <testcase classname="com.selenium.testcases.TC_002_LoginDTTTest" name="login_DTT" time="0.0">
    <skipped/>
  </testcase> <!-- login_DTT -->
</testsuite> <!-- chrome -->
