<?xml version="1.0" encoding="UTF-8"?>
<!-- Generated by org.testng.reporters.JUnitXMLReporter -->
<testsuite ignored="0" hostname="DESKTOP-M5HP58L" failures="0" tests="5" name="edge" time="8.432" errors="0" timestamp="2024-02-06T18:03:14 IST">
  <testcase classname="com.selenium.testcases.TC_002_LoginDTTTest" name="login_DTT" time="0.647"/>
  <testcase classname="com.selenium.testcases.TC_002_LoginDTTTest" name="login_DTT" time="0.601"/>
  <testcase classname="com.selenium.testcases.TC_002_LoginDTTTest" name="login_DTT" time="0.584"/>
  <testcase classname="com.selenium.testcases.TC_002_LoginDTTTest" name="login_DTT" time="0.649"/>
  <testcase classname="com.selenium.testcases.TC_002_LoginDTTTest" name="login_DTT" time="1.135"/>
</testsuite> <!-- edge -->
