<?xml version="1.0" encoding="UTF-8"?>
<!-- Generated by org.testng.reporters.JUnitXMLReporter -->
<testsuite ignored="2" hostname="DESKTOP-4QRLMTN" failures="0" tests="0" time="0.507" errors="0" timestamp="2023-09-16T10:24:14 IST">
  <testcase classname="com.selenium.testcases.TC_001_LoginTest" name="login" time="0.0">
    <ignored/>
  </testcase> <!-- login -->
  <testcase classname="com.selenium.testcases.TC_002_LoginDTTTest" name="login_DTT" time="0.0">
    <ignored/>
  </testcase> <!-- login_DTT -->
</testsuite>
