<?xml version="1.0" encoding="UTF-8"?>
<!-- Generated by org.testng.reporters.JUnitXMLReporter -->
<testsuite ignored="0" hostname="SESHU" failures="0" tests="5" name="Test1" time="22.571" errors="0" timestamp="2024-03-22T18:28:45 IST">
  <testcase classname="com.selenium.testcases.TC_002_LoginDTTTest" name="login_DTT" time="1.083"/>
  <testcase classname="com.selenium.testcases.TC_002_LoginDTTTest" name="login_DTT" time="1.161"/>
  <testcase classname="com.selenium.testcases.TC_002_LoginDTTTest" name="login_DTT" time="0.717"/>
  <testcase classname="com.selenium.testcases.TC_002_LoginDTTTest" name="login_DTT" time="0.863"/>
  <testcase classname="com.selenium.testcases.TC_002_LoginDTTTest" name="login_DTT" time="1.245"/>
</testsuite> <!-- Test1 -->
