<?xml version="1.0" encoding="UTF-8"?>
<!-- Generated by org.testng.reporters.JUnitXMLReporter -->
<testsuite ignored="0" hostname="SESHU" failures="0" tests="5" name="Test1" time="27.476" errors="0" timestamp="2024-03-23T07:42:54 IST">
  <testcase classname="com.selenium.testcases.TC_002_LoginDTTTest" name="login_DTT" time="0.935"/>
  <testcase classname="com.selenium.testcases.TC_002_LoginDTTTest" name="login_DTT" time="0.904"/>
  <testcase classname="com.selenium.testcases.TC_002_LoginDTTTest" name="login_DTT" time="0.877"/>
  <testcase classname="com.selenium.testcases.TC_002_LoginDTTTest" name="login_DTT" time="1.624"/>
  <testcase classname="com.selenium.testcases.TC_002_LoginDTTTest" name="login_DTT" time="1.018"/>
</testsuite> <!-- Test1 -->
