<?xml version="1.0" encoding="UTF-8"?>
<!-- Generated by org.testng.reporters.JUnitXMLReporter -->
<testsuite ignored="0" hostname="SESHU" failures="0" tests="5" name="Test" time="20.477" errors="0" timestamp="2024-03-23T07:42:27 IST">
  <testcase classname="com.selenium.testcases.TC_002_LoginDTTTest" name="login_DTT" time="0.883"/>
  <testcase classname="com.selenium.testcases.TC_002_LoginDTTTest" name="login_DTT" time="0.734"/>
  <testcase classname="com.selenium.testcases.TC_002_LoginDTTTest" name="login_DTT" time="1.035"/>
  <testcase classname="com.selenium.testcases.TC_002_LoginDTTTest" name="login_DTT" time="0.955"/>
  <testcase classname="com.selenium.testcases.TC_002_LoginDTTTest" name="login_DTT" time="1.074"/>
</testsuite> <!-- Test -->
