<?xml version="1.0" encoding="UTF-8"?>
<testng-results ignored="0" total="2" passed="2" failed="0" skipped="0">
  <reporter-output>
    <line>
      <![CDATA[***TC_001_Login ***]]>
    </line>
    <line>
      <![CDATA[***created homepageobject ***]]>
    </line>
    <line>
      <![CDATA[***EnterEmailAddress ***]]>
    </line>
    <line>
      <![CDATA[**EnterPassword ***]]>
    </line>
    <line>
      <![CDATA[*** ClickedOnLoginButton ***]]>
    </line>
    <line>
      <![CDATA[***TC_001_Login ***]]>
    </line>
    <line>
      <![CDATA[***created homepageobject ***]]>
    </line>
    <line>
      <![CDATA[***EnterEmailAddress ***]]>
    </line>
    <line>
      <![CDATA[**EnterPassword ***]]>
    </line>
    <line>
      <![CDATA[*** ClickedOnLoginButton ***]]>
    </line>
  </reporter-output>
  <suite started-at="2024-03-22T19:28:03 IST" name="Suite" finished-at="2024-03-22T19:28:25 IST" duration-ms="22469">
    <groups>
      <group name="sanity">
        <method signature="TC_001_LoginTest.login()[pri:0, instance:com.selenium.testcases.TC_001_LoginTest@543295b0]" name="login" class="com.selenium.testcases.TC_001_LoginTest"/>
        <method signature="TC_001_LoginTest.login()[pri:0, instance:com.selenium.testcases.TC_001_LoginTest@533bda92]" name="login" class="com.selenium.testcases.TC_001_LoginTest"/>
      </group> <!-- sanity -->
    </groups>
    <test started-at="2024-03-22T19:28:03 IST" name="chromeTest" finished-at="2024-03-22T19:28:14 IST" duration-ms="11647">
      <class name="com.selenium.testcases.TC_001_LoginTest">
        <test-method is-config="true" signature="setup(java.lang.String)[pri:0, instance:com.selenium.testcases.TC_001_LoginTest@543295b0]" started-at="2024-03-22T19:28:03 IST" name="setup" finished-at="2024-03-22T19:28:13 IST" duration-ms="9675" status="PASS">
          <params>
            <param index="0">
              <value>
                <![CDATA[chrome]]>
              </value>
            </param>
          </params>
          <reporter-output>
          </reporter-output>
        </test-method> <!-- setup -->
        <test-method signature="login()[pri:0, instance:com.selenium.testcases.TC_001_LoginTest@543295b0]" started-at="2024-03-22T19:28:13 IST" name="login" finished-at="2024-03-22T19:28:14 IST" duration-ms="1321" status="PASS">
          <reporter-output>
            <line>
              <![CDATA[***TC_001_Login ***]]>
            </line>
            <line>
              <![CDATA[***created homepageobject ***]]>
            </line>
            <line>
              <![CDATA[***EnterEmailAddress ***]]>
            </line>
            <line>
              <![CDATA[**EnterPassword ***]]>
            </line>
            <line>
              <![CDATA[*** ClickedOnLoginButton ***]]>
            </line>
          </reporter-output>
        </test-method> <!-- login -->
        <test-method is-config="true" signature="tearDown()[pri:0, instance:com.selenium.testcases.TC_001_LoginTest@543295b0]" started-at="2024-03-22T19:28:14 IST" name="tearDown" finished-at="2024-03-22T19:28:14 IST" duration-ms="302" status="PASS">
          <reporter-output>
          </reporter-output>
        </test-method> <!-- tearDown -->
      </class> <!-- com.selenium.testcases.TC_001_LoginTest -->
    </test> <!-- chromeTest -->
    <test started-at="2024-03-22T19:28:15 IST" name="edgeTest" finished-at="2024-03-22T19:28:25 IST" duration-ms="10415">
      <class name="com.selenium.testcases.TC_001_LoginTest">
        <test-method is-config="true" signature="setup(java.lang.String)[pri:0, instance:com.selenium.testcases.TC_001_LoginTest@533bda92]" started-at="2024-03-22T19:28:15 IST" name="setup" finished-at="2024-03-22T19:28:23 IST" duration-ms="8144" status="PASS">
          <params>
            <param index="0">
              <value>
                <![CDATA[edge]]>
              </value>
            </param>
          </params>
          <reporter-output>
          </reporter-output>
        </test-method> <!-- setup -->
        <test-method signature="login()[pri:0, instance:com.selenium.testcases.TC_001_LoginTest@533bda92]" started-at="2024-03-22T19:28:23 IST" name="login" finished-at="2024-03-22T19:28:24 IST" duration-ms="1383" status="PASS">
          <reporter-output>
            <line>
              <![CDATA[***TC_001_Login ***]]>
            </line>
            <line>
              <![CDATA[***created homepageobject ***]]>
            </line>
            <line>
              <![CDATA[***EnterEmailAddress ***]]>
            </line>
            <line>
              <![CDATA[**EnterPassword ***]]>
            </line>
            <line>
              <![CDATA[*** ClickedOnLoginButton ***]]>
            </line>
          </reporter-output>
        </test-method> <!-- login -->
        <test-method is-config="true" signature="tearDown()[pri:0, instance:com.selenium.testcases.TC_001_LoginTest@533bda92]" started-at="2024-03-22T19:28:24 IST" name="tearDown" finished-at="2024-03-22T19:28:25 IST" duration-ms="881" status="PASS">
          <reporter-output>
          </reporter-output>
        </test-method> <!-- tearDown -->
      </class> <!-- com.selenium.testcases.TC_001_LoginTest -->
    </test> <!-- edgeTest -->
  </suite> <!-- Suite -->
</testng-results>
