<?xml version="1.0" encoding="UTF-8"?>
<testng-results ignored="0" total="2" passed="2" failed="0" skipped="0">
  <reporter-output>
    <line>
      <![CDATA[***TC_001_Login ***]]>
    </line>
    <line>
      <![CDATA[***created homepageobject ***]]>
    </line>
    <line>
      <![CDATA[***EnterEmailAddress ***]]>
    </line>
    <line>
      <![CDATA[**EnterPassword ***]]>
    </line>
    <line>
      <![CDATA[*** ClickedOnLoginButton ***]]>
    </line>
    <line>
      <![CDATA[***TC_001_Login ***]]>
    </line>
    <line>
      <![CDATA[***created homepageobject ***]]>
    </line>
    <line>
      <![CDATA[***EnterEmailAddress ***]]>
    </line>
    <line>
      <![CDATA[**EnterPassword ***]]>
    </line>
    <line>
      <![CDATA[*** ClickedOnLoginButton ***]]>
    </line>
  </reporter-output>
  <suite started-at="2024-01-28T09:52:16 IST" name="Suite" finished-at="2024-01-28T10:37:59 IST" duration-ms="2742344">
    <groups>
      <group name="sanity">
        <method signature="TC_001_LoginTest.login()[pri:0, instance:com.selenium.testcases.TC_001_LoginTest@183ec003]" name="login" class="com.selenium.testcases.TC_001_LoginTest"/>
        <method signature="TC_001_LoginTest.login()[pri:0, instance:com.selenium.testcases.TC_001_LoginTest@3de8f619]" name="login" class="com.selenium.testcases.TC_001_LoginTest"/>
      </group> <!-- sanity -->
    </groups>
    <test started-at="2024-01-28T09:52:16 IST" name="chromeTest" finished-at="2024-01-28T10:25:43 IST" duration-ms="2006304">
      <class name="com.selenium.testcases.TC_001_LoginTest">
        <test-method is-config="true" signature="setup(java.lang.String)[pri:0, instance:com.selenium.testcases.TC_001_LoginTest@183ec003]" started-at="2024-01-28T09:52:18 IST" name="setup" finished-at="2024-01-28T10:25:37 IST" duration-ms="1999345" status="PASS">
          <params>
            <param index="0">
              <value>
                <![CDATA[chrome]]>
              </value>
            </param>
          </params>
          <reporter-output>
          </reporter-output>
        </test-method> <!-- setup -->
        <test-method signature="login()[pri:0, instance:com.selenium.testcases.TC_001_LoginTest@183ec003]" started-at="2024-01-28T10:25:37 IST" name="login" finished-at="2024-01-28T10:25:42 IST" duration-ms="4099" status="PASS">
          <reporter-output>
            <line>
              <![CDATA[***TC_001_Login ***]]>
            </line>
            <line>
              <![CDATA[***created homepageobject ***]]>
            </line>
            <line>
              <![CDATA[***EnterEmailAddress ***]]>
            </line>
            <line>
              <![CDATA[**EnterPassword ***]]>
            </line>
            <line>
              <![CDATA[*** ClickedOnLoginButton ***]]>
            </line>
          </reporter-output>
        </test-method> <!-- login -->
        <test-method is-config="true" signature="tearDown()[pri:0, instance:com.selenium.testcases.TC_001_LoginTest@183ec003]" started-at="2024-01-28T10:25:42 IST" name="tearDown" finished-at="2024-01-28T10:25:43 IST" duration-ms="1029" status="PASS">
          <reporter-output>
          </reporter-output>
        </test-method> <!-- tearDown -->
      </class> <!-- com.selenium.testcases.TC_001_LoginTest -->
    </test> <!-- chromeTest -->
    <test started-at="2024-01-28T10:25:44 IST" name="edgeTest" finished-at="2024-01-28T10:37:59 IST" duration-ms="734518">
      <class name="com.selenium.testcases.TC_001_LoginTest">
        <test-method is-config="true" signature="setup(java.lang.String)[pri:0, instance:com.selenium.testcases.TC_001_LoginTest@3de8f619]" started-at="2024-01-28T10:25:44 IST" name="setup" finished-at="2024-01-28T10:37:56 IST" duration-ms="731567" status="PASS">
          <params>
            <param index="0">
              <value>
                <![CDATA[edge]]>
              </value>
            </param>
          </params>
          <reporter-output>
          </reporter-output>
        </test-method> <!-- setup -->
        <test-method signature="login()[pri:0, instance:com.selenium.testcases.TC_001_LoginTest@3de8f619]" started-at="2024-01-28T10:37:56 IST" name="login" finished-at="2024-01-28T10:37:58 IST" duration-ms="2171" status="PASS">
          <reporter-output>
            <line>
              <![CDATA[***TC_001_Login ***]]>
            </line>
            <line>
              <![CDATA[***created homepageobject ***]]>
            </line>
            <line>
              <![CDATA[***EnterEmailAddress ***]]>
            </line>
            <line>
              <![CDATA[**EnterPassword ***]]>
            </line>
            <line>
              <![CDATA[*** ClickedOnLoginButton ***]]>
            </line>
          </reporter-output>
        </test-method> <!-- login -->
        <test-method is-config="true" signature="tearDown()[pri:0, instance:com.selenium.testcases.TC_001_LoginTest@3de8f619]" started-at="2024-01-28T10:37:58 IST" name="tearDown" finished-at="2024-01-28T10:37:59 IST" duration-ms="742" status="PASS">
          <reporter-output>
          </reporter-output>
        </test-method> <!-- tearDown -->
      </class> <!-- com.selenium.testcases.TC_001_LoginTest -->
    </test> <!-- edgeTest -->
  </suite> <!-- Suite -->
</testng-results>
